        -:    0:Source:main.cpp
        -:    0:Graph:test.gcno
        -:    0:Data:test.gcda
        -:    0:Runs:1
        -:    1:// main.cpp
        -:    2:
        -:    3:#include <iostream>
        -:    4:
        1:    5:int add(int a, int b) {
        1:    6:    return a + b;
        -:    7:}
        -:    8:
        1:    9:int main() {
        1:   10:    int result = add(2, 3);
        1:   11:    std::cout << "Result: " << result << std::endl;
        1:   12:    return 0;
        -:   13:}
        -:   14:
